[23:15:33] [main/INFO]: Setting user: Player133
[23:15:34] [Client thread/INFO]: LWJGL Version: 2.9.1
[23:15:41] [Client thread/INFO]: Reloading ResourceManager: Default, FMLFileResourcePack:Forge Mod Loader, FMLFileResourcePack:Minecraft Forge, FMLFileResourcePack:fullBright
[23:15:42] [Sound Library Loader/INFO]: Sound engine started
[23:15:43] [Client thread/INFO]: Created: 16x16 textures/blocks-atlas
[23:15:43] [Client thread/INFO]: Created: 16x16 textures/items-atlas
[23:15:43] [Client thread/INFO]: Reloading ResourceManager: Default, FMLFileResourcePack:Forge Mod Loader, FMLFileResourcePack:Minecraft Forge, FMLFileResourcePack:fullBright
[23:15:43] [Client thread/INFO]: Created: 512x256 textures/blocks-atlas
[23:15:43] [Client thread/INFO]: Created: 256x256 textures/items-atlas
[23:15:44] [Sound Library Loader/INFO]: Sound engine started
[23:16:02] [Server thread/INFO]: Starting integrated minecraft server version 1.7.10
[23:16:02] [Server thread/INFO]: Generating keypair
[23:16:02] [Server thread/INFO]: Preparing start region for level 0
[23:16:02] [Server thread/INFO]: Changing view distance to 12, from 10
[23:16:03] [Server thread/INFO]: Player133[local:E:420fd953] logged in with entity id 267 at (87.25630034205327, 4.0, 176.4526370112538)
[23:16:03] [Server thread/INFO]: Player133 joined the game
[23:17:15] [Server thread/INFO]: Saving and pausing game...
[23:17:15] [Server thread/INFO]: Saving chunks for level 'New World'/Overworld
[23:17:15] [Server thread/INFO]: Saving chunks for level 'New World'/Nether
[23:17:15] [Server thread/INFO]: Saving chunks for level 'New World'/The End
[23:18:47] [Server thread/INFO]: Player133 has just earned the achievement [Taking Inventory]
[23:18:47] [Client thread/INFO]: [CHAT] Player133 has just earned the achievement [Taking Inventory]
[23:19:26] [Server thread/INFO]: Saving and pausing game...
[23:19:26] [Server thread/INFO]: Saving chunks for level 'New World'/Overworld
[23:19:26] [Server thread/INFO]: Saving chunks for level 'New World'/Nether
[23:19:26] [Server thread/INFO]: Saving chunks for level 'New World'/The End
[23:19:27] [Client thread/INFO]: Stopping!
[23:19:27] [Server thread/INFO]: Stopping server
[23:19:27] [Server thread/INFO]: Saving players
[23:19:27] [Server thread/INFO]: Saving worlds
[23:19:27] [Server thread/INFO]: Saving chunks for level 'New World'/Overworld
[23:19:27] [Server thread/INFO]: Saving chunks for level 'New World'/Nether
[23:19:27] [Server thread/INFO]: Saving chunks for level 'New World'/The End
